<?xml version="1.0" encoding="UTF-8"?>
<testng-results ignored="0" total="1" passed="1" failed="0" skipped="0">
  <reporter-output>
  </reporter-output>
  <suite started-at="2023-12-16T15:17:32 EST" name="Default suite" finished-at="2023-12-16T15:38:09 EST" duration-ms="1236137">
    <groups>
    </groups>
    <test started-at="2023-12-16T15:17:32 EST" name="Default test" finished-at="2023-12-16T15:38:09 EST" duration-ms="1236137">
      <class name="testcases.TestClass">
        <test-method signature="Test1()[pri:0, instance:testcases.TestClass@3d43fe]" started-at="2023-12-16T15:17:32 EST" name="Test1" finished-at="2023-12-16T15:38:09 EST" duration-ms="1236084" status="PASS">
          <reporter-output>
          </reporter-output>
        </test-method> <!-- Test1 -->
      </class> <!-- testcases.TestClass -->
    </test> <!-- Default test -->
  </suite> <!-- Default suite -->
</testng-results>
